{
  "RSpec": {
    "coverage": {
      "/home/loyal-tier-1368/tic-tac-toe-rb-nyc-fasttrack-020120/lib/tic_tac_toe.rb": [
        1,
        30,
        30,
        30,
        30,
        30,
        null,
        null,
        1,
        47538,
        null,
        null,
        1,
        29,
        null,
        null,
        1,
        4,
        null,
        null,
        null,
        null,
        1,
        null,
        null,
        null,
        null,
        null,
        null,
        null,
        null,
        null,
        1,
        47538,
        47536,
        26,
        null,
        47510,
        null,
        null,
        47538,
        26,
        null,
        47512,
        null,
        null,
        null,
        1,
        47545,
        47539,
        47535,
        47535,
        25,
        25,
        null,
        47510,
        null,
        null,
        null,
        1,
        2,
        2,
        18,
        5,
        null,
        null,
        2,
        null,
        null,
        1,
        1,
        null,
        null,
        1,
        11,
        null,
        11,
        88,
        7,
        81,
        0,
        null,
        null,
        11,
        null,
        null,
        1,
        6,
        40,
        null,
        null,
        null,
        1,
        7,
        null,
        null,
        1,
        3,
        null,
        null,
        1,
        3,
        3,
        24,
        1,
        23,
        1,
        null,
        null,
        3,
        null,
        null,
        1,
        null,
        12,
        12,
        null,
        12,
        35,
        35,
        23,
        null,
        0,
        null,
        null,
        null
      ]
    },
    "timestamp": 1584895854
  }
}
