{
  "RSpec": {
    "coverage": {
      "/home/loyal-tier-1368/tic-tac-toe-rb-nyc-fasttrack-020120/lib/tic_tac_toe.rb": [
        1,
        5,
        5,
        5,
        5,
        5,
        null,
        null,
        1,
        13,
        null,
        null,
        1,
        3,
        null,
        null,
        1,
        4,
        null,
        null,
        null,
        null,
        1,
        null,
        null,
        null,
        null,
        null,
        null,
        null,
        null,
        null,
        1,
        13,
        11,
        10,
        null,
        1,
        null,
        null,
        13,
        10,
        null,
        3,
        null,
        null,
        null,
        1,
        13,
        13,
        10,
        10,
        9,
        0,
        null,
        1,
        null,
        null,
        null,
        1,
        2,
        2,
        18,
        5,
        null,
        null,
        2,
        null,
        null,
        1,
        1,
        null,
        null,
        1,
        11,
        null,
        11,
        88,
        7,
        81,
        0,
        null,
        null,
        11,
        null,
        null,
        1,
        6,
        40,
        null,
        null,
        null,
        1,
        7,
        null,
        null,
        1,
        3,
        null,
        null,
        1,
        3,
        3,
        24,
        1,
        23,
        1,
        null,
        null,
        3,
        null,
        null,
        1,
        null,
        12,
        12,
        null,
        12,
        12,
        12,
        0,
        null,
        0,
        null,
        null,
        null
      ]
    },
    "timestamp": 1584895881
  }
}
